Traceback (most recent call last):
  File "/home/cd96/psi4conda/envs/jbook/lib/python3.11/site-packages/jupyter_cache/executors/utils.py", line 58, in single_nb_execution
    executenb(
  File "/home/cd96/psi4conda/envs/jbook/lib/python3.11/site-packages/nbclient/client.py", line 1305, in execute
    return NotebookClient(nb=nb, resources=resources, km=km, **kwargs).execute()
           ^^^^^^^^^^^^^^^^^^^^^^^^^^^^^^^^^^^^^^^^^^^^^^^^^^^^^^^^^^^^^^^^^^^^^
  File "/home/cd96/psi4conda/envs/jbook/lib/python3.11/site-packages/jupyter_core/utils/__init__.py", line 166, in wrapped
    return loop.run_until_complete(inner)
           ^^^^^^^^^^^^^^^^^^^^^^^^^^^^^^
  File "/home/cd96/psi4conda/envs/jbook/lib/python3.11/asyncio/base_events.py", line 653, in run_until_complete
    return future.result()
           ^^^^^^^^^^^^^^^
  File "/home/cd96/psi4conda/envs/jbook/lib/python3.11/site-packages/nbclient/client.py", line 705, in async_execute
    await self.async_execute_cell(
  File "/home/cd96/psi4conda/envs/jbook/lib/python3.11/site-packages/nbclient/client.py", line 1058, in async_execute_cell
    await self._check_raise_for_error(cell, cell_index, exec_reply)
  File "/home/cd96/psi4conda/envs/jbook/lib/python3.11/site-packages/nbclient/client.py", line 914, in _check_raise_for_error
    raise CellExecutionError.from_cell_and_msg(cell, exec_reply_content)
nbclient.exceptions.CellExecutionError: An error occurred while executing the following cell:
------------------
plt.rcParams.update({'font.size': 14})
smiles_code        = input("please introduce the smiles code: ")
method             = input("please introduce the method (GFN2xTB, GFN1xTB, GFNFF): ")
sigma              = int(input("please introduce how much you want to broad the theoretical bands (a number between σ=[20,100]): "))
sigma_raman        = int(input("please introduce how much you want to broad the Raman theoretical bands (a number between σ=[20,100]): "))

wavenumbers        = linspace(0,4000,10001)
Compound_wn,Compound_int   = wavenumbers, IR_xTB(smiles_code,method,sigma, sigma_raman) 
μ_all= Compound_int[4]
all_pol_mode = Compound_int[5]
Animator_data(smiles_code,method)
filename           = 'readme.txt'

data = {'wavenumber [1/cm]': Compound_wn,
       'intensity IR':0.5*array(Compound_int[1])+0.5,
       'intensity Raman':0.5*array(Compound_int[2])}
df = pd.DataFrame.from_dict(data)
excel= df.to_excel('Info_Spectroscopy_IR_Raman_{0}_{1}.xlsx'.format(smiles_code, method))

IR_axo( filename,Compound_wn, Compound_int,smiles_code, method, sigma, sigma_raman,μ_all, all_pol_mode )
plt.savefig("IR_Raman_TheoreticalSpectra_{0}_{1}.png".format(method, smiles_code))

------------------


[0;31m---------------------------------------------------------------------------[0m
[0;31mStdinNotImplementedError[0m                  Traceback (most recent call last)
Cell [0;32mIn[6], line 2[0m
[1;32m      1[0m plt[38;5;241m.[39mrcParams[38;5;241m.[39mupdate({[38;5;124m'[39m[38;5;124mfont.size[39m[38;5;124m'[39m: [38;5;241m14[39m})
[0;32m----> 2[0m smiles_code        [38;5;241m=[39m [38;5;28;43minput[39;49m[43m([49m[38;5;124;43m"[39;49m[38;5;124;43mplease introduce the smiles code: [39;49m[38;5;124;43m"[39;49m[43m)[49m
[1;32m      3[0m method             [38;5;241m=[39m [38;5;28minput[39m([38;5;124m"[39m[38;5;124mplease introduce the method (GFN2xTB, GFN1xTB, GFNFF): [39m[38;5;124m"[39m)
[1;32m      4[0m sigma              [38;5;241m=[39m [38;5;28mint[39m([38;5;28minput[39m([38;5;124m"[39m[38;5;124mplease introduce how much you want to broad the theoretical bands (a number between σ=[20,100]): [39m[38;5;124m"[39m))

File [0;32m~/psi4conda/envs/jbook/lib/python3.11/site-packages/ipykernel/kernelbase.py:1190[0m, in [0;36mKernel.raw_input[0;34m(self, prompt)[0m
[1;32m   1188[0m [38;5;28;01mif[39;00m [38;5;129;01mnot[39;00m [38;5;28mself[39m[38;5;241m.[39m_allow_stdin:
[1;32m   1189[0m     msg [38;5;241m=[39m [38;5;124m"[39m[38;5;124mraw_input was called, but this frontend does not support input requests.[39m[38;5;124m"[39m
[0;32m-> 1190[0m     [38;5;28;01mraise[39;00m StdinNotImplementedError(msg)
[1;32m   1191[0m [38;5;28;01mreturn[39;00m [38;5;28mself[39m[38;5;241m.[39m_input_request(
[1;32m   1192[0m     [38;5;28mstr[39m(prompt),
[1;32m   1193[0m     [38;5;28mself[39m[38;5;241m.[39m_parent_ident[[38;5;124m"[39m[38;5;124mshell[39m[38;5;124m"[39m],
[1;32m   1194[0m     [38;5;28mself[39m[38;5;241m.[39mget_parent([38;5;124m"[39m[38;5;124mshell[39m[38;5;124m"[39m),
[1;32m   1195[0m     password[38;5;241m=[39m[38;5;28;01mFalse[39;00m,
[1;32m   1196[0m )

[0;31mStdinNotImplementedError[0m: raw_input was called, but this frontend does not support input requests.

